{
  meta: {
    req: {
      url: '/upload-center/upload-multi-photo/:contentId',
      headers: {
        'user-agent': 'PostmanRuntime/7.42.0',
        accept: '*/*',
        'postman-token': '46252f54-27c4-4395-a2af-3c63791273f0',
        host: 'localhost:5004',
        'accept-encoding': 'gzip, deflate, br',
        connection: 'keep-alive',
        'content-type': 'multipart/form-data; boundary=--------------------------268442301478383016497175',
        'content-length': '70650'
      },
      method: 'POST',
      httpVersion: '1.1',
      originalUrl: '/upload-center/upload-multi-photo/:contentId',
      query: {}
    },
    res: { statusCode: 200 },
    responseTime: 11
  },
  level: 'info',
  message: 'POST /upload-center/upload-multi-photo/:contentId 200 11ms',
  label: 'right meow!',
  timestamp: '2024-11-24 18:31:58'
}
{
  meta: {
    req: {
      url: '/upload-center/upload-multi-photo/:contentId',
      headers: {
        'user-agent': 'PostmanRuntime/7.42.0',
        accept: '*/*',
        'postman-token': '1b4a9180-3ea2-4e6f-b39d-6ab78ffeb77c',
        host: 'localhost:5004',
        'accept-encoding': 'gzip, deflate, br',
        connection: 'keep-alive',
        'content-type': 'multipart/form-data; boundary=--------------------------375374694863610182647312',
        'content-length': '70650'
      },
      method: 'POST',
      httpVersion: '1.1',
      originalUrl: '/upload-center/upload-multi-photo/:contentId',
      query: {}
    },
    res: { statusCode: 200 },
    responseTime: 10
  },
  level: 'info',
  message: 'POST /upload-center/upload-multi-photo/:contentId 200 10ms',
  label: 'right meow!',
  timestamp: '2024-11-24 18:32:59'
}
{
  meta: {
    req: {
      url: '/upload-center/upload-multi-photo/:contentId',
      headers: {
        'user-agent': 'PostmanRuntime/7.42.0',
        accept: '*/*',
        'postman-token': '9ef38a19-59e4-41b2-a51e-4bc2e1c0f7b6',
        host: 'localhost:5004',
        'accept-encoding': 'gzip, deflate, br',
        connection: 'keep-alive',
        'content-type': 'multipart/form-data; boundary=--------------------------080124831493440981437591',
        'content-length': '70650'
      },
      method: 'POST',
      httpVersion: '1.1',
      originalUrl: '/upload-center/upload-multi-photo/:contentId',
      query: {}
    },
    res: { statusCode: 200 },
    responseTime: 3
  },
  level: 'info',
  message: 'POST /upload-center/upload-multi-photo/:contentId 200 3ms',
  label: 'right meow!',
  timestamp: '2024-11-24 18:33:38'
}
{
  meta: {
    req: {
      url: '/upload-center/upload-multi-photo/:contentId',
      headers: {
        'user-agent': 'PostmanRuntime/7.42.0',
        accept: '*/*',
        'postman-token': 'aed9cf46-1a95-4825-8320-10d2f7c34f84',
        host: 'localhost:5004',
        'accept-encoding': 'gzip, deflate, br',
        connection: 'keep-alive',
        'content-type': 'multipart/form-data; boundary=--------------------------131264576287582536367651',
        'content-length': '70650'
      },
      method: 'POST',
      httpVersion: '1.1',
      originalUrl: '/upload-center/upload-multi-photo/:contentId',
      query: {}
    },
    res: { statusCode: 200 },
    responseTime: 14
  },
  level: 'info',
  message: 'POST /upload-center/upload-multi-photo/:contentId 200 14ms',
  label: 'right meow!',
  timestamp: '2024-11-24 18:34:59'
}
{
  meta: {
    req: {
      url: '/upload-center/upload-multi-photo/123456789',
      headers: {
        'user-agent': 'PostmanRuntime/7.42.0',
        accept: '*/*',
        'postman-token': '42fb0661-5f64-4f5b-ba2b-ad1859e6dc63',
        host: 'localhost:5004',
        'accept-encoding': 'gzip, deflate, br',
        connection: 'keep-alive',
        'content-type': 'multipart/form-data; boundary=--------------------------408236162440434628011868',
        'content-length': '70650'
      },
      method: 'POST',
      httpVersion: '1.1',
      originalUrl: '/upload-center/upload-multi-photo/123456789',
      query: {}
    },
    res: { statusCode: 200 },
    responseTime: 3
  },
  level: 'info',
  message: 'POST /upload-center/upload-multi-photo/123456789 200 3ms',
  label: 'right meow!',
  timestamp: '2024-11-24 18:35:29'
}
{
  meta: {
    req: {
      url: '/upload-center/upload-multi-photo/123456789',
      headers: {
        'user-agent': 'PostmanRuntime/7.42.0',
        accept: '*/*',
        'postman-token': '9845b972-aa19-4bde-9d8f-0576341b3a99',
        host: 'localhost:5004',
        'accept-encoding': 'gzip, deflate, br',
        connection: 'keep-alive',
        'content-type': 'multipart/form-data; boundary=--------------------------950770055994078156304799',
        'content-length': '70650'
      },
      method: 'POST',
      httpVersion: '1.1',
      originalUrl: '/upload-center/upload-multi-photo/123456789',
      query: {}
    },
    res: { statusCode: 503 },
    responseTime: 9
  },
  level: 'error',
  message: 'POST /upload-center/upload-multi-photo/123456789 503 9ms',
  label: 'right meow!',
  timestamp: '2024-11-24 18:38:21'
}
{
  meta: {
    req: {
      url: '/upload-center/upload-multi-photo/123456789',
      headers: {
        'user-agent': 'PostmanRuntime/7.42.0',
        accept: '*/*',
        'postman-token': 'be7b8106-6829-4dfc-82d6-6c45ff242e2c',
        host: 'localhost:5004',
        'accept-encoding': 'gzip, deflate, br',
        connection: 'keep-alive',
        'content-type': 'multipart/form-data; boundary=--------------------------407341639047777156599212',
        'content-length': '70650'
      },
      method: 'POST',
      httpVersion: '1.1',
      originalUrl: '/upload-center/upload-multi-photo/123456789',
      query: {}
    },
    res: { statusCode: 503 },
    responseTime: 9
  },
  level: 'error',
  message: 'POST /upload-center/upload-multi-photo/123456789 503 9ms',
  label: 'right meow!',
  timestamp: '2024-11-24 18:42:39'
}
{
  meta: {
    req: {
      url: '/upload-center/upload-multi-photo/123456789',
      headers: {
        'user-agent': 'PostmanRuntime/7.42.0',
        accept: '*/*',
        'postman-token': '402d243e-946c-40dd-b08f-c60f8b2a1a39',
        host: 'localhost:5004',
        'accept-encoding': 'gzip, deflate, br',
        connection: 'keep-alive',
        'content-type': 'multipart/form-data; boundary=--------------------------353414624665241683108618',
        'content-length': '70650'
      },
      method: 'POST',
      httpVersion: '1.1',
      originalUrl: '/upload-center/upload-multi-photo/123456789',
      query: {}
    },
    res: { statusCode: 503 },
    responseTime: 3
  },
  level: 'error',
  message: 'POST /upload-center/upload-multi-photo/123456789 503 3ms',
  label: 'right meow!',
  timestamp: '2024-11-24 18:43:37'
}
{
  meta: {
    req: {
      url: '/upload-center/upload-multi-photo/123456789',
      headers: {
        'user-agent': 'PostmanRuntime/7.42.0',
        accept: '*/*',
        'postman-token': '1e359d45-e50c-4256-bfb1-ca719776421f',
        host: 'localhost:5004',
        'accept-encoding': 'gzip, deflate, br',
        connection: 'keep-alive',
        'content-length': '0'
      },
      method: 'POST',
      httpVersion: '1.1',
      originalUrl: '/upload-center/upload-multi-photo/123456789',
      query: {}
    },
    res: { statusCode: 400 },
    responseTime: 2
  },
  level: 'warn',
  message: 'POST /upload-center/upload-multi-photo/123456789 400 2ms',
  label: 'right meow!',
  timestamp: '2024-11-25 00:34:31'
}
{
  meta: {
    req: {
      url: '/upload-center/upload-multi-photo/123456789',
      headers: {
        'user-agent': 'PostmanRuntime/7.42.0',
        accept: '*/*',
        'postman-token': '80758d86-0e79-42d2-852e-ee772a113655',
        host: 'localhost:5004',
        'accept-encoding': 'gzip, deflate, br',
        connection: 'keep-alive',
        'content-length': '0'
      },
      method: 'POST',
      httpVersion: '1.1',
      originalUrl: '/upload-center/upload-multi-photo/123456789',
      query: {}
    },
    res: { statusCode: 400 },
    responseTime: 4
  },
  level: 'warn',
  message: 'POST /upload-center/upload-multi-photo/123456789 400 4ms',
  label: 'right meow!',
  timestamp: '2024-11-25 00:35:00'
}
{
  meta: {
    req: {
      url: '/upload-center/upload-multi-photo/123456789',
      headers: {
        'user-agent': 'PostmanRuntime/7.42.0',
        accept: '*/*',
        'postman-token': 'f47a18c1-81cb-42a6-9893-3f33b784c82b',
        host: 'localhost:5004',
        'accept-encoding': 'gzip, deflate, br',
        connection: 'keep-alive',
        'content-length': '0'
      },
      method: 'POST',
      httpVersion: '1.1',
      originalUrl: '/upload-center/upload-multi-photo/123456789',
      query: {}
    },
    res: { statusCode: 400 },
    responseTime: 3
  },
  level: 'warn',
  message: 'POST /upload-center/upload-multi-photo/123456789 400 3ms',
  label: 'right meow!',
  timestamp: '2024-11-25 00:37:15'
}
{
  meta: {
    req: {
      url: '/upload-center/upload-multi-photo/123456789',
      headers: {
        'user-agent': 'PostmanRuntime/7.42.0',
        accept: '*/*',
        'postman-token': '9cf5b3f2-f603-4f08-a4f3-04edfe68c67d',
        host: 'localhost:5004',
        'accept-encoding': 'gzip, deflate, br',
        connection: 'keep-alive',
        'content-length': '0'
      },
      method: 'POST',
      httpVersion: '1.1',
      originalUrl: '/upload-center/upload-multi-photo/123456789',
      query: {}
    },
    res: { statusCode: 400 },
    responseTime: 4
  },
  level: 'warn',
  message: 'POST /upload-center/upload-multi-photo/123456789 400 4ms',
  label: 'right meow!',
  timestamp: '2024-11-25 00:37:53'
}
{
  meta: {
    req: {
      url: '/upload-center/upload-multi-photo/123456789',
      headers: {
        'user-agent': 'PostmanRuntime/7.42.0',
        accept: '*/*',
        'postman-token': 'f9973091-1969-4037-a96d-2d977e527aa0',
        host: 'localhost:5004',
        'accept-encoding': 'gzip, deflate, br',
        connection: 'keep-alive',
        'content-length': '0'
      },
      method: 'POST',
      httpVersion: '1.1',
      originalUrl: '/upload-center/upload-multi-photo/123456789',
      query: {}
    },
    res: { statusCode: 400 },
    responseTime: 0
  },
  level: 'warn',
  message: 'POST /upload-center/upload-multi-photo/123456789 400 0ms',
  label: 'right meow!',
  timestamp: '2024-11-25 00:38:16'
}
{
  meta: {
    req: {
      url: '/upload-center/upload-multi-photo/123456789',
      headers: {
        'user-agent': 'PostmanRuntime/7.42.0',
        accept: '*/*',
        'postman-token': '3fa604ed-bfc8-49a2-979a-003069acf097',
        host: 'localhost:5004',
        'accept-encoding': 'gzip, deflate, br',
        connection: 'keep-alive',
        'content-length': '0'
      },
      method: 'POST',
      httpVersion: '1.1',
      originalUrl: '/upload-center/upload-multi-photo/123456789',
      query: {}
    },
    res: { statusCode: 400 },
    responseTime: 2
  },
  level: 'warn',
  message: 'POST /upload-center/upload-multi-photo/123456789 400 2ms',
  label: 'right meow!',
  timestamp: '2024-11-25 00:38:53'
}
{
  meta: {
    req: {
      url: '/upload-center/upload-multi-photo/123456789',
      headers: {
        'user-agent': 'PostmanRuntime/7.42.0',
        accept: '*/*',
        'postman-token': '540b64f9-5546-4ed8-97a7-4b0f7ef748ba',
        host: 'localhost:5004',
        'accept-encoding': 'gzip, deflate, br',
        connection: 'keep-alive',
        'content-type': 'multipart/form-data; boundary=--------------------------876386199064772497410701',
        'content-length': '70650'
      },
      method: 'POST',
      httpVersion: '1.1',
      originalUrl: '/upload-center/upload-multi-photo/123456789',
      query: {}
    },
    res: { statusCode: 503 },
    responseTime: 22
  },
  level: 'error',
  message: 'POST /upload-center/upload-multi-photo/123456789 503 22ms',
  label: 'right meow!',
  timestamp: '2024-11-25 00:39:40'
}
{
  meta: {
    req: {
      url: '/upload-center/upload-multi-photo/123456789',
      headers: {
        'user-agent': 'PostmanRuntime/7.42.0',
        accept: '*/*',
        'postman-token': 'e9e51746-438c-4ece-9f07-186abe5813ef',
        host: 'localhost:5004',
        'accept-encoding': 'gzip, deflate, br',
        connection: 'keep-alive',
        'content-type': 'multipart/form-data; boundary=--------------------------064243831892692072042894',
        'content-length': '70650'
      },
      method: 'POST',
      httpVersion: '1.1',
      originalUrl: '/upload-center/upload-multi-photo/123456789',
      query: {}
    },
    res: { statusCode: 503 },
    responseTime: 16
  },
  level: 'error',
  message: 'POST /upload-center/upload-multi-photo/123456789 503 16ms',
  label: 'right meow!',
  timestamp: '2024-11-25 00:40:23'
}
{
  meta: {
    req: {
      url: '/upload-center/upload-multi-photo/123456789',
      headers: {
        'user-agent': 'PostmanRuntime/7.42.0',
        accept: '*/*',
        'postman-token': 'db005bb2-5b26-4541-9fcb-9919dc1bbd21',
        host: 'localhost:5004',
        'accept-encoding': 'gzip, deflate, br',
        connection: 'keep-alive',
        'content-type': 'multipart/form-data; boundary=--------------------------496816919450042899479172',
        'content-length': '70650'
      },
      method: 'POST',
      httpVersion: '1.1',
      originalUrl: '/upload-center/upload-multi-photo/123456789',
      query: {}
    },
    res: { statusCode: 200 },
    responseTime: 19
  },
  level: 'info',
  message: 'POST /upload-center/upload-multi-photo/123456789 200 19ms',
  label: 'right meow!',
  timestamp: '2024-11-25 00:42:28'
}
{
  meta: {
    req: {
      url: '/upload-center/upload-multi-photo/555666',
      headers: {
        'user-agent': 'PostmanRuntime/7.42.0',
        accept: '*/*',
        'postman-token': 'c94216c1-bf1d-4b17-bfdb-1249ba40cde4',
        host: 'localhost:5004',
        'accept-encoding': 'gzip, deflate, br',
        connection: 'keep-alive',
        'content-type': 'multipart/form-data; boundary=--------------------------697618788230783872249737',
        'content-length': '70650'
      },
      method: 'POST',
      httpVersion: '1.1',
      originalUrl: '/upload-center/upload-multi-photo/555666',
      query: {}
    },
    res: { statusCode: 200 },
    responseTime: 12
  },
  level: 'info',
  message: 'POST /upload-center/upload-multi-photo/555666 200 12ms',
  label: 'right meow!',
  timestamp: '2024-11-25 00:42:44'
}
{
  meta: {
    req: {
      url: '/upload-center/upload-multi-photo/555666',
      headers: {
        'user-agent': 'PostmanRuntime/7.42.0',
        accept: '*/*',
        'postman-token': '156e3b75-8160-48a9-99a0-4515d8e633aa',
        host: 'localhost:5004',
        'accept-encoding': 'gzip, deflate, br',
        connection: 'keep-alive',
        'content-type': 'multipart/form-data; boundary=--------------------------660523538827551323033521',
        'content-length': '70650'
      },
      method: 'POST',
      httpVersion: '1.1',
      originalUrl: '/upload-center/upload-multi-photo/555666',
      query: {}
    },
    res: { statusCode: 200 },
    responseTime: 16
  },
  level: 'info',
  message: 'POST /upload-center/upload-multi-photo/555666 200 16ms',
  label: 'right meow!',
  timestamp: '2024-11-25 00:43:51'
}
{
  meta: {
    req: {
      url: '/upload-center/upload-profile/674e0a9c199e380249888f7b',
      headers: {
        'user-agent': 'PostmanRuntime/7.43.0',
        accept: '*/*',
        'postman-token': '3222fef8-ba62-4b9c-af79-dc3d8dcca238',
        host: 'localhost:5012',
        'accept-encoding': 'gzip, deflate, br',
        connection: 'keep-alive',
        'content-type': 'multipart/form-data; boundary=--------------------------342239762521328927303268',
        'content-length': '108904'
      },
      method: 'POST',
      httpVersion: '1.1',
      originalUrl: '/upload-center/upload-profile/674e0a9c199e380249888f7b',
      query: {}
    },
    res: { statusCode: 200 },
    responseTime: 27
  },
  level: 'info',
  message: 'POST /upload-center/upload-profile/674e0a9c199e380249888f7b 200 27ms',
  label: 'right meow!',
  timestamp: '2024-12-05 19:31:59'
}
